app/build/outputs/logs/manifest-merger-debug-report.txt
-- Merging decision tree log ---
manifest
ADDED from src/main/AndroidManifest.xml:1:1-64:12
	package
		ADDED from src/main/AndroidManifest.xml:2:5-43
		INJECTED from src/main/AndroidManifest.xml
		INJECTED from src/main/AndroidManifest.xml
	android:versionName
		INJECTED from src/main/AndroidManifest.xml
		INJECTED from src/main/AndroidManifest.xml
	xmlns:android
		ADDED from src/main/AndroidManifest.xml:1:11-69
	android:versionCode
		INJECTED from src/main/AndroidManifest.xml
		INJECTED from src/main/AndroidManifest.xml
uses-permission#com.android.vending.CHECK_LICENSE
ADDED from src/main/AndroidManifest.xml:5:5-73
MERGED from [mythsuntold_dungeonhands:play_licensing_library:unspecified] AndroidManifest.xml:25:5-73
	android:name
		ADDED from src/main/AndroidManifest.xml:5:22-70
uses-permission#android.permission.INTERNET
ADDED from src/main/AndroidManifest.xml:8:5-67
	android:name
		ADDED from src/main/AndroidManifest.xml:8:22-64
uses-permission#android.permission.WAKE_LOCK
ADDED from src/main/AndroidManifest.xml:13:5-68
	android:name
		ADDED from src/main/AndroidManifest.xml:13:22-65
uses-permission#android.permission.ACCESS_NETWORK_STATE
ADDED from src/main/AndroidManifest.xml:17:5-18:66
	android:name
		ADDED from src/main/AndroidManifest.xml:18:9-63
uses-permission#android.permission.ACCESS_WIFI_STATE
ADDED from src/main/AndroidManifest.xml:21:5-75
	android:name
		ADDED from src/main/AndroidManifest.xml:21:22-73
uses-permission#android.permission.WRITE_EXTERNAL_STORAGE
ADDED from src/main/AndroidManifest.xml:24:5-25:68
	android:name
		ADDED from src/main/AndroidManifest.xml:25:9-65
application
ADDED from src/main/AndroidManifest.xml:27:5-62:19
MERGED from [com.android.support:appcompat-v7:24.2.0] AndroidManifest.xml:25:5-20
MERGED from [com.android.support:animated-vector-drawable:24.2.0] AndroidManifest.xml:22:5-20
MERGED from [com.android.support:support-vector-drawable:24.2.0] AndroidManifest.xml:23:5-20
MERGED from [mythsuntold_dungeonhands:agsEngineLibrary:unspecified] AndroidManifest.xml:11:5-12:19
MERGED from [com.android.support:support-v4:24.2.0] AndroidManifest.xml:25:5-20
MERGED from [com.android.support:support-fragment:24.2.0] AndroidManifest.xml:25:5-20
MERGED from [com.android.support:support-core-utils:24.2.0] AndroidManifest.xml:25:5-20
MERGED from [com.android.support:support-media-compat:24.2.0] AndroidManifest.xml:25:5-20
MERGED from [com.android.support:support-core-ui:24.2.0] AndroidManifest.xml:25:5-20
MERGED from [com.android.support:support-compat:24.2.0] AndroidManifest.xml:25:5-20
	android:label
		ADDED from src/main/AndroidManifest.xml:30:9-41
	android:supportsRtl
		ADDED from src/main/AndroidManifest.xml:31:9-35
	android:hasCode
		ADDED from [mythsuntold_dungeonhands:agsEngineLibrary:unspecified] AndroidManifest.xml:11:18-40
	android:allowBackup
		ADDED from src/main/AndroidManifest.xml:28:9-35
	android:icon
		ADDED from src/main/AndroidManifest.xml:29:9-43
	android:theme
		ADDED from src/main/AndroidManifest.xml:32:9-73
	android:name
		ADDED from src/main/AndroidManifest.xml:33:9-56
activity#com.bigbluecup.android.AgsEngine
ADDED from src/main/AndroidManifest.xml:35:9-40:20
	android:configChanges
		ADDED from src/main/AndroidManifest.xml:35:19-80
	android:name
		ADDED from src/main/AndroidManifest.xml:36:13-60
intent-filter#android.intent.action.MAIN
ADDED from src/main/AndroidManifest.xml:37:13-39:29
action#android.intent.action.MAIN
ADDED from src/main/AndroidManifest.xml:38:17-69
	android:name
		ADDED from src/main/AndroidManifest.xml:38:25-66
activity#com.mythsuntold.dungeonhands.MainActivity
ADDED from src/main/AndroidManifest.xml:42:9-50:20
	android:label
		ADDED from src/main/AndroidManifest.xml:44:13-45
	android:name
		ADDED from src/main/AndroidManifest.xml:43:13-69
intent-filter#android.intent.action.MAIN+android.intent.category.LAUNCHER
ADDED from src/main/AndroidManifest.xml:45:13-49:29
category#android.intent.category.LAUNCHER
ADDED from src/main/AndroidManifest.xml:48:17-77
	android:name
		ADDED from src/main/AndroidManifest.xml:48:27-74
activity#com.mythsuntold.dungeonhands.ExpansionDownloaderActivity
ADDED from src/main/AndroidManifest.xml:52:9-56:20
	android:name
		ADDED from src/main/AndroidManifest.xml:52:19-90
service#com.mythsuntold.dungeonhands.ExpansionDownloaderService
ADDED from src/main/AndroidManifest.xml:58:9-91
	android:name
		ADDED from src/main/AndroidManifest.xml:58:18-88
receiver#com.mythsuntold.dungeonhands.ExpansionAlarmReceiver
ADDED from src/main/AndroidManifest.xml:60:9-88
	android:name
		ADDED from src/main/AndroidManifest.xml:60:19-85
uses-sdk
INJECTED from src/main/AndroidManifest.xml reason: use-sdk injection requested
MERGED from [com.android.support:appcompat-v7:24.2.0] AndroidManifest.xml:21:5-23:78
MERGED from [com.android.support:animated-vector-drawable:24.2.0] AndroidManifest.xml:20:5-44
MERGED from [com.android.support:support-vector-drawable:24.2.0] AndroidManifest.xml:21:5-43
MERGED from [mythsuntold_dungeonhands:agsEngineLibrary:unspecified] AndroidManifest.xml:7:5-9:41
MERGED from [mythsuntold_dungeonhands:downloader_library:unspecified] AndroidManifest.xml:7:5-9:41
MERGED from [com.android.support:support-v4:24.2.0] AndroidManifest.xml:21:5-23:54
MERGED from [com.android.support:support-fragment:24.2.0] AndroidManifest.xml:21:5-23:60
MERGED from [com.android.support:support-core-utils:24.2.0] AndroidManifest.xml:21:5-23:61
MERGED from [com.android.support:support-media-compat:24.2.0] AndroidManifest.xml:21:5-23:63
MERGED from [com.android.support:support-core-ui:24.2.0] AndroidManifest.xml:21:5-23:58
MERGED from [com.android.support:support-compat:24.2.0] AndroidManifest.xml:21:5-23:58
MERGED from [mythsuntold_dungeonhands:play_licensing_library:unspecified] AndroidManifest.xml:21:5-23:41
	tools:overrideLibrary
		ADDED from [com.android.support:appcompat-v7:24.2.0] AndroidManifest.xml:23:9-75
	android:targetSdkVersion
		INJECTED from src/main/AndroidManifest.xml
		INJECTED from src/main/AndroidManifest.xml
	android:minSdkVersion
		INJECTED from src/main/AndroidManifest.xml
		INJECTED from src/main/AndroidManifest.xml